  Doctor.cpp
  DoctorManager.cpp
C:\Users\ASUS\OneDrive\Desktop\C++ projects\Cplusplus-projects\Patient\DoctorManager.cpp(48,17): error C2665: 'Doctor::Doctor': no overloaded function could convert all the argument types
C:\Users\ASUS\OneDrive\Desktop\C++ projects\Cplusplus-projects\Patient\Doctor.h(10,2): message : could be 'Doctor::Doctor(const std::string &,const std::string &,const Data &,const std::string &,const std::string &)'
C:\Users\ASUS\OneDrive\Desktop\C++ projects\Cplusplus-projects\Patient\DoctorManager.cpp(48,17): message : 'Doctor::Doctor(const std::string &,const std::string &,const Data &,const std::string &,const std::string &)': cannot convert argument 3 from 'int' to 'const Data &'
C:\Users\ASUS\OneDrive\Desktop\C++ projects\Cplusplus-projects\Patient\DoctorManager.cpp(48,39): message : Reason: cannot convert from 'int' to 'const Data'
C:\Users\ASUS\OneDrive\Desktop\C++ projects\Cplusplus-projects\Patient\DoctorManager.cpp(48,39): message : 'Data::Data': no overloaded function could convert all the argument types
C:\Users\ASUS\OneDrive\Desktop\C++ projects\Cplusplus-projects\Patient\Data.h(18,1): message : could be 'Data::Data(Data &&)'
C:\Users\ASUS\OneDrive\Desktop\C++ projects\Cplusplus-projects\Patient\DoctorManager.cpp(48,39): message : 'Data::Data(Data &&)': cannot convert argument 1 from 'int' to 'Data &&'
C:\Users\ASUS\OneDrive\Desktop\C++ projects\Cplusplus-projects\Patient\DoctorManager.cpp(48,39): message : Reason: cannot convert from 'int' to 'Data'
C:\Users\ASUS\OneDrive\Desktop\C++ projects\Cplusplus-projects\Patient\DoctorManager.cpp(48,39): message : Conversion requires a second user-defined-conversion operator or constructor
C:\Users\ASUS\OneDrive\Desktop\C++ projects\Cplusplus-projects\Patient\Data.h(18,1): message : or       'Data::Data(const Data &)'
C:\Users\ASUS\OneDrive\Desktop\C++ projects\Cplusplus-projects\Patient\DoctorManager.cpp(48,39): message : 'Data::Data(const Data &)': cannot convert argument 1 from 'int' to 'const Data &'
C:\Users\ASUS\OneDrive\Desktop\C++ projects\Cplusplus-projects\Patient\DoctorManager.cpp(48,39): message : Reason: cannot convert from 'int' to 'const Data'
C:\Users\ASUS\OneDrive\Desktop\C++ projects\Cplusplus-projects\Patient\DoctorManager.cpp(48,39): message : Conversion requires a second user-defined-conversion operator or constructor
C:\Users\ASUS\OneDrive\Desktop\C++ projects\Cplusplus-projects\Patient\DoctorManager.cpp(48,39): message : while trying to match the argument list '(int)'
C:\Users\ASUS\OneDrive\Desktop\C++ projects\Cplusplus-projects\Patient\DoctorManager.cpp(48,17): message : while trying to match the argument list '(std::string, std::string, int, std::string, std::string)'
  main.cpp
C:\Users\ASUS\OneDrive\Desktop\C++ projects\Cplusplus-projects\Patient\main.cpp(13,21): error C2665: 'Patient::Patient': no overloaded function could convert all the argument types
C:\Users\ASUS\OneDrive\Desktop\C++ projects\Cplusplus-projects\Patient\Patient.h(14,2): message : could be 'Patient::Patient(const std::string &,const std::string &,const Data &,const std::string &,const std::string &)'
C:\Users\ASUS\OneDrive\Desktop\C++ projects\Cplusplus-projects\Patient\main.cpp(13,21): message : 'Patient::Patient(const std::string &,const std::string &,const Data &,const std::string &,const std::string &)': cannot convert argument 3 from 'int' to 'const Data &'
C:\Users\ASUS\OneDrive\Desktop\C++ projects\Cplusplus-projects\Patient\main.cpp(13,37): message : Reason: cannot convert from 'int' to 'const Data'
C:\Users\ASUS\OneDrive\Desktop\C++ projects\Cplusplus-projects\Patient\main.cpp(13,37): message : 'Data::Data': no overloaded function could convert all the argument types
C:\Users\ASUS\OneDrive\Desktop\C++ projects\Cplusplus-projects\Patient\Data.h(18,1): message : could be 'Data::Data(Data &&)'
C:\Users\ASUS\OneDrive\Desktop\C++ projects\Cplusplus-projects\Patient\main.cpp(13,37): message : 'Data::Data(Data &&)': cannot convert argument 1 from 'int' to 'Data &&'
C:\Users\ASUS\OneDrive\Desktop\C++ projects\Cplusplus-projects\Patient\main.cpp(13,37): message : Reason: cannot convert from 'int' to 'Data'
C:\Users\ASUS\OneDrive\Desktop\C++ projects\Cplusplus-projects\Patient\main.cpp(13,37): message : Conversion requires a second user-defined-conversion operator or constructor
C:\Users\ASUS\OneDrive\Desktop\C++ projects\Cplusplus-projects\Patient\Data.h(18,1): message : or       'Data::Data(const Data &)'
C:\Users\ASUS\OneDrive\Desktop\C++ projects\Cplusplus-projects\Patient\main.cpp(13,37): message : 'Data::Data(const Data &)': cannot convert argument 1 from 'int' to 'const Data &'
C:\Users\ASUS\OneDrive\Desktop\C++ projects\Cplusplus-projects\Patient\main.cpp(13,37): message : Reason: cannot convert from 'int' to 'const Data'
C:\Users\ASUS\OneDrive\Desktop\C++ projects\Cplusplus-projects\Patient\main.cpp(13,37): message : Conversion requires a second user-defined-conversion operator or constructor
C:\Users\ASUS\OneDrive\Desktop\C++ projects\Cplusplus-projects\Patient\main.cpp(13,37): message : while trying to match the argument list '(int)'
C:\Users\ASUS\OneDrive\Desktop\C++ projects\Cplusplus-projects\Patient\main.cpp(13,21): message : while trying to match the argument list '(const char [5], const char [4], int, const char [5], const char [5])'
C:\Users\ASUS\OneDrive\Desktop\C++ projects\Cplusplus-projects\Patient\main.cpp(18,21): error C2665: 'Patient::Patient': no overloaded function could convert all the argument types
C:\Users\ASUS\OneDrive\Desktop\C++ projects\Cplusplus-projects\Patient\Patient.h(14,2): message : could be 'Patient::Patient(const std::string &,const std::string &,const Data &,const std::string &,const std::string &)'
C:\Users\ASUS\OneDrive\Desktop\C++ projects\Cplusplus-projects\Patient\main.cpp(18,21): message : 'Patient::Patient(const std::string &,const std::string &,const Data &,const std::string &,const std::string &)': cannot convert argument 3 from 'int' to 'const Data &'
C:\Users\ASUS\OneDrive\Desktop\C++ projects\Cplusplus-projects\Patient\main.cpp(18,39): message : Reason: cannot convert from 'int' to 'const Data'
C:\Users\ASUS\OneDrive\Desktop\C++ projects\Cplusplus-projects\Patient\main.cpp(18,39): message : 'Data::Data': no overloaded function could convert all the argument types
C:\Users\ASUS\OneDrive\Desktop\C++ projects\Cplusplus-projects\Patient\Data.h(18,1): message : could be 'Data::Data(Data &&)'
C:\Users\ASUS\OneDrive\Desktop\C++ projects\Cplusplus-projects\Patient\main.cpp(18,39): message : 'Data::Data(Data &&)': cannot convert argument 1 from 'int' to 'Data &&'
C:\Users\ASUS\OneDrive\Desktop\C++ projects\Cplusplus-projects\Patient\main.cpp(18,39): message : Reason: cannot convert from 'int' to 'Data'
C:\Users\ASUS\OneDrive\Desktop\C++ projects\Cplusplus-projects\Patient\main.cpp(18,39): message : Conversion requires a second user-defined-conversion operator or constructor
C:\Users\ASUS\OneDrive\Desktop\C++ projects\Cplusplus-projects\Patient\Data.h(18,1): message : or       'Data::Data(const Data &)'
C:\Users\ASUS\OneDrive\Desktop\C++ projects\Cplusplus-projects\Patient\main.cpp(18,39): message : 'Data::Data(const Data &)': cannot convert argument 1 from 'int' to 'const Data &'
C:\Users\ASUS\OneDrive\Desktop\C++ projects\Cplusplus-projects\Patient\main.cpp(18,39): message : Reason: cannot convert from 'int' to 'const Data'
C:\Users\ASUS\OneDrive\Desktop\C++ projects\Cplusplus-projects\Patient\main.cpp(18,39): message : Conversion requires a second user-defined-conversion operator or constructor
C:\Users\ASUS\OneDrive\Desktop\C++ projects\Cplusplus-projects\Patient\main.cpp(18,39): message : while trying to match the argument list '(int)'
C:\Users\ASUS\OneDrive\Desktop\C++ projects\Cplusplus-projects\Patient\main.cpp(18,21): message : while trying to match the argument list '(const char [5], const char [6], int, const char [7], const char [10])'
C:\Users\ASUS\OneDrive\Desktop\C++ projects\Cplusplus-projects\Patient\main.cpp(20,13): error C2664: 'void Patient::set_appointment(const std::string &,const std::string &,const Data &)': cannot convert argument 3 from 'const char [11]' to 'const Data &'
C:\Users\ASUS\OneDrive\Desktop\C++ projects\Cplusplus-projects\Patient\main.cpp(20,48): message : Reason: cannot convert from 'const char [11]' to 'const Data'
C:\Users\ASUS\OneDrive\Desktop\C++ projects\Cplusplus-projects\Patient\main.cpp(20,48): message : 'Data::Data': no overloaded function could convert all the argument types
C:\Users\ASUS\OneDrive\Desktop\C++ projects\Cplusplus-projects\Patient\Data.h(18,1): message : could be 'Data::Data(Data &&)'
C:\Users\ASUS\OneDrive\Desktop\C++ projects\Cplusplus-projects\Patient\main.cpp(20,48): message : 'Data::Data(Data &&)': cannot convert argument 1 from 'const char [11]' to 'Data &&'
C:\Users\ASUS\OneDrive\Desktop\C++ projects\Cplusplus-projects\Patient\main.cpp(20,48): message : Reason: cannot convert from 'const char [11]' to 'Data'
C:\Users\ASUS\OneDrive\Desktop\C++ projects\Cplusplus-projects\Patient\main.cpp(20,48): message : Conversion requires a second user-defined-conversion operator or constructor
C:\Users\ASUS\OneDrive\Desktop\C++ projects\Cplusplus-projects\Patient\Data.h(18,1): message : or       'Data::Data(const Data &)'
C:\Users\ASUS\OneDrive\Desktop\C++ projects\Cplusplus-projects\Patient\main.cpp(20,48): message : 'Data::Data(const Data &)': cannot convert argument 1 from 'const char [11]' to 'const Data &'
C:\Users\ASUS\OneDrive\Desktop\C++ projects\Cplusplus-projects\Patient\main.cpp(20,48): message : Reason: cannot convert from 'const char [11]' to 'const Data'
C:\Users\ASUS\OneDrive\Desktop\C++ projects\Cplusplus-projects\Patient\main.cpp(20,48): message : Conversion requires a second user-defined-conversion operator or constructor
C:\Users\ASUS\OneDrive\Desktop\C++ projects\Cplusplus-projects\Patient\main.cpp(20,48): message : while trying to match the argument list '(const char [11])'
C:\Users\ASUS\OneDrive\Desktop\C++ projects\Cplusplus-projects\Patient\Patient.h(24,7): message : see declaration of 'Patient::set_appointment'
C:\Users\ASUS\OneDrive\Desktop\C++ projects\Cplusplus-projects\Patient\main.cpp(20,13): message : while trying to match the argument list '(const char [4], const char [8], const char [11])'
C:\Users\ASUS\OneDrive\Desktop\C++ projects\Cplusplus-projects\Patient\main.cpp(23,19): error C2665: 'Doctor::Doctor': no overloaded function could convert all the argument types
C:\Users\ASUS\OneDrive\Desktop\C++ projects\Cplusplus-projects\Patient\Doctor.h(10,2): message : could be 'Doctor::Doctor(const std::string &,const std::string &,const Data &,const std::string &,const std::string &)'
C:\Users\ASUS\OneDrive\Desktop\C++ projects\Cplusplus-projects\Patient\main.cpp(23,19): message : 'Doctor::Doctor(const std::string &,const std::string &,const Data &,const std::string &,const std::string &)': cannot convert argument 3 from 'int' to 'const Data &'
C:\Users\ASUS\OneDrive\Desktop\C++ projects\Cplusplus-projects\Patient\main.cpp(23,36): message : Reason: cannot convert from 'int' to 'const Data'
C:\Users\ASUS\OneDrive\Desktop\C++ projects\Cplusplus-projects\Patient\main.cpp(23,36): message : 'Data::Data': no overloaded function could convert all the argument types
C:\Users\ASUS\OneDrive\Desktop\C++ projects\Cplusplus-projects\Patient\Data.h(18,1): message : could be 'Data::Data(Data &&)'
C:\Users\ASUS\OneDrive\Desktop\C++ projects\Cplusplus-projects\Patient\main.cpp(23,36): message : 'Data::Data(Data &&)': cannot convert argument 1 from 'int' to 'Data &&'
C:\Users\ASUS\OneDrive\Desktop\C++ projects\Cplusplus-projects\Patient\main.cpp(23,36): message : Reason: cannot convert from 'int' to 'Data'
C:\Users\ASUS\OneDrive\Desktop\C++ projects\Cplusplus-projects\Patient\main.cpp(23,36): message : Conversion requires a second user-defined-conversion operator or constructor
C:\Users\ASUS\OneDrive\Desktop\C++ projects\Cplusplus-projects\Patient\Data.h(18,1): message : or       'Data::Data(const Data &)'
C:\Users\ASUS\OneDrive\Desktop\C++ projects\Cplusplus-projects\Patient\main.cpp(23,36): message : 'Data::Data(const Data &)': cannot convert argument 1 from 'int' to 'const Data &'
C:\Users\ASUS\OneDrive\Desktop\C++ projects\Cplusplus-projects\Patient\main.cpp(23,36): message : Reason: cannot convert from 'int' to 'const Data'
C:\Users\ASUS\OneDrive\Desktop\C++ projects\Cplusplus-projects\Patient\main.cpp(23,36): message : Conversion requires a second user-defined-conversion operator or constructor
C:\Users\ASUS\OneDrive\Desktop\C++ projects\Cplusplus-projects\Patient\main.cpp(23,36): message : while trying to match the argument list '(int)'
C:\Users\ASUS\OneDrive\Desktop\C++ projects\Cplusplus-projects\Patient\main.cpp(23,19): message : while trying to match the argument list '(const char [4], const char [6], int, const char [5], const char [13])'
C:\Users\ASUS\OneDrive\Desktop\C++ projects\Cplusplus-projects\Patient\main.cpp(26,19): error C2665: 'Doctor::Doctor': no overloaded function could convert all the argument types
C:\Users\ASUS\OneDrive\Desktop\C++ projects\Cplusplus-projects\Patient\Doctor.h(10,2): message : could be 'Doctor::Doctor(const std::string &,const std::string &,const Data &,const std::string &,const std::string &)'
C:\Users\ASUS\OneDrive\Desktop\C++ projects\Cplusplus-projects\Patient\main.cpp(26,19): message : 'Doctor::Doctor(const std::string &,const std::string &,const Data &,const std::string &,const std::string &)': cannot convert argument 3 from 'int' to 'const Data &'
C:\Users\ASUS\OneDrive\Desktop\C++ projects\Cplusplus-projects\Patient\main.cpp(26,38): message : Reason: cannot convert from 'int' to 'const Data'
C:\Users\ASUS\OneDrive\Desktop\C++ projects\Cplusplus-projects\Patient\main.cpp(26,38): message : 'Data::Data': no overloaded function could convert all the argument types
C:\Users\ASUS\OneDrive\Desktop\C++ projects\Cplusplus-projects\Patient\Data.h(18,1): message : could be 'Data::Data(Data &&)'
C:\Users\ASUS\OneDrive\Desktop\C++ projects\Cplusplus-projects\Patient\main.cpp(26,38): message : 'Data::Data(Data &&)': cannot convert argument 1 from 'int' to 'Data &&'
C:\Users\ASUS\OneDrive\Desktop\C++ projects\Cplusplus-projects\Patient\main.cpp(26,38): message : Reason: cannot convert from 'int' to 'Data'
C:\Users\ASUS\OneDrive\Desktop\C++ projects\Cplusplus-projects\Patient\main.cpp(26,38): message : Conversion requires a second user-defined-conversion operator or constructor
C:\Users\ASUS\OneDrive\Desktop\C++ projects\Cplusplus-projects\Patient\Data.h(18,1): message : or       'Data::Data(const Data &)'
C:\Users\ASUS\OneDrive\Desktop\C++ projects\Cplusplus-projects\Patient\main.cpp(26,38): message : 'Data::Data(const Data &)': cannot convert argument 1 from 'int' to 'const Data &'
C:\Users\ASUS\OneDrive\Desktop\C++ projects\Cplusplus-projects\Patient\main.cpp(26,38): message : Reason: cannot convert from 'int' to 'const Data'
C:\Users\ASUS\OneDrive\Desktop\C++ projects\Cplusplus-projects\Patient\main.cpp(26,38): message : Conversion requires a second user-defined-conversion operator or constructor
C:\Users\ASUS\OneDrive\Desktop\C++ projects\Cplusplus-projects\Patient\main.cpp(26,38): message : while trying to match the argument list '(int)'
C:\Users\ASUS\OneDrive\Desktop\C++ projects\Cplusplus-projects\Patient\main.cpp(26,19): message : while trying to match the argument list '(const char [4], const char [8], int, const char [7], const char [14])'
  Patient.cpp
C:\Program Files\Microsoft Visual Studio\2022\Community\VC\Tools\MSVC\14.37.32822\include\utility(301,68): error C2512: 'Data::Data': no appropriate default constructor available
C:\Program Files\Microsoft Visual Studio\2022\Community\VC\Tools\MSVC\14.37.32822\include\utility(301,68): message : while trying to match the argument list '()'
C:\Program Files\Microsoft Visual Studio\2022\Community\VC\Tools\MSVC\14.37.32822\include\utility(305,15): message : see reference to function template instantiation 'std::pair<const std::string,Data>::pair<std::tuple<_Ty &&>,std::tuple<>,0,>(_Tuple1 &,_Tuple2 &,std::integer_sequence<size_t,0>,std::integer_sequence<size_t>)' being compiled
          with
          [
              _Ty=std::basic_string<char,std::char_traits<char>,std::allocator<char>>,
              _Tuple1=std::tuple<std::basic_string<char,std::char_traits<char>,std::allocator<char>> &&>,
              _Tuple2=std::tuple<>
          ]
C:\Program Files\Microsoft Visual Studio\2022\Community\VC\Tools\MSVC\14.37.32822\include\xmemory(719,82): message : see reference to function template instantiation 'std::pair<const std::string,Data>::pair<_Ty&&,>(std::piecewise_construct_t,std::tuple<_Ty &&>,std::tuple<>)' being compiled
          with
          [
              _Ty=std::basic_string<char,std::char_traits<char>,std::allocator<char>>
          ]
C:\Program Files\Microsoft Visual Studio\2022\Community\VC\Tools\MSVC\14.37.32822\include\xtree(807,25): message : see reference to function template instantiation 'void std::_Default_allocator_traits<_Alloc>::construct<_Ty,const std::piecewise_construct_t&,std::tuple<std::basic_string<char,std::char_traits<char>,std::allocator<char>> &&>,std::tuple<>>(_Alloc &,_Objty *const ,const std::piecewise_construct_t &,std::tuple<std::basic_string<char,std::char_traits<char>,std::allocator<char>> &&> &&,std::tuple<> &&)' being compiled
          with
          [
              _Alloc=std::allocator<std::_Tree_node<std::pair<const std::string,Data>,std::_Default_allocator_traits<std::allocator<std::pair<const std::string,Data>>>::void_pointer>>,
              _Ty=std::pair<const std::string,Data>,
              _Objty=std::pair<const std::string,Data>
          ]
C:\Program Files\Microsoft Visual Studio\2022\Community\VC\Tools\MSVC\14.37.32822\include\map(206,56): message : see reference to function template instantiation 'std::_Tree_temp_node<std::allocator<std::_Tree_node<std::pair<const std::string,Data>,std::_Default_allocator_traits<_Alloc>::void_pointer>>>::_Tree_temp_node<const std::piecewise_construct_t&,std::tuple<_Ty &&>,std::tuple<>>(_Alnode &,std::_Tree_node<std::pair<const std::string,Data>,std::_Default_allocator_traits<_Alloc>::void_pointer> *,const std::piecewise_construct_t &,std::tuple<_Ty &&> &&,std::tuple<> &&)' being compiled
          with
          [
              _Alloc=std::allocator<std::pair<const std::string,Data>>,
              _Ty=std::basic_string<char,std::char_traits<char>,std::allocator<char>>,
              _Alnode=std::allocator<std::_Tree_node<std::pair<const std::string,Data>,std::_Default_allocator_traits<std::allocator<std::pair<const std::string,Data>>>::void_pointer>>
          ]
C:\Program Files\Microsoft Visual Studio\2022\Community\VC\Tools\MSVC\14.37.32822\include\map(176,16): message : see reference to function template instantiation 'std::pair<std::_Tree_node<std::pair<const std::string,Data>,std::_Default_allocator_traits<_Alloc>::void_pointer> *,bool> std::map<std::string,Data,std::less<std::string>,_Alloc>::_Try_emplace<std::basic_string<char,std::char_traits<char>,std::allocator<char>>,>(_Keyty &&)' being compiled
          with
          [
              _Alloc=std::allocator<std::pair<const std::string,Data>>,
              _Keyty=std::basic_string<char,std::char_traits<char>,std::allocator<char>>
          ]
C:\Program Files\Microsoft Visual Studio\2022\Community\VC\Tools\MSVC\14.37.32822\include\map(175,18): message : while compiling class template member function 'Data &std::map<std::string,Data,std::less<std::string>,std::allocator<std::pair<const std::string,Data>>>::operator [](std::basic_string<char,std::char_traits<char>,std::allocator<char>> &&)'
C:\Users\ASUS\OneDrive\Desktop\C++ projects\Cplusplus-projects\Patient\Patient.cpp(49,43): message : see the first reference to 'std::map<std::string,Data,std::less<std::string>,std::allocator<std::pair<const std::string,Data>>>::operator []' in 'Patient::set_appointment'
C:\Users\ASUS\OneDrive\Desktop\C++ projects\Cplusplus-projects\Patient\Patient.h(12,30): message : see reference to class template instantiation 'std::map<std::string,Data,std::less<std::string>,std::allocator<std::pair<const std::string,Data>>>' being compiled
  PatientManager.cpp
C:\Users\ASUS\OneDrive\Desktop\C++ projects\Cplusplus-projects\Patient\PatientManager.cpp(58,19): error C2665: 'Patient::Patient': no overloaded function could convert all the argument types
C:\Users\ASUS\OneDrive\Desktop\C++ projects\Cplusplus-projects\Patient\Patient.h(14,2): message : could be 'Patient::Patient(const std::string &,const std::string &,const Data &,const std::string &,const std::string &)'
C:\Users\ASUS\OneDrive\Desktop\C++ projects\Cplusplus-projects\Patient\PatientManager.cpp(58,19): message : 'Patient::Patient(const std::string &,const std::string &,const Data &,const std::string &,const std::string &)': cannot convert argument 3 from 'Data *' to 'const Data &'
C:\Users\ASUS\OneDrive\Desktop\C++ projects\Cplusplus-projects\Patient\PatientManager.cpp(58,41): message : Reason: cannot convert from 'Data *' to 'const Data'
C:\Users\ASUS\OneDrive\Desktop\C++ projects\Cplusplus-projects\Patient\PatientManager.cpp(58,41): message : 'Data::Data': no overloaded function could convert all the argument types
C:\Users\ASUS\OneDrive\Desktop\C++ projects\Cplusplus-projects\Patient\Data.h(18,1): message : could be 'Data::Data(Data &&)'
C:\Users\ASUS\OneDrive\Desktop\C++ projects\Cplusplus-projects\Patient\PatientManager.cpp(58,41): message : 'Data::Data(Data &&)': cannot convert argument 1 from 'Data *' to 'Data &&'
C:\Users\ASUS\OneDrive\Desktop\C++ projects\Cplusplus-projects\Patient\PatientManager.cpp(58,41): message : Reason: cannot convert from 'Data *' to 'Data'
C:\Users\ASUS\OneDrive\Desktop\C++ projects\Cplusplus-projects\Patient\PatientManager.cpp(58,41): message : Conversion requires a second user-defined-conversion operator or constructor
C:\Users\ASUS\OneDrive\Desktop\C++ projects\Cplusplus-projects\Patient\Data.h(18,1): message : or       'Data::Data(const Data &)'
C:\Users\ASUS\OneDrive\Desktop\C++ projects\Cplusplus-projects\Patient\PatientManager.cpp(58,41): message : 'Data::Data(const Data &)': cannot convert argument 1 from 'Data *' to 'const Data &'
C:\Users\ASUS\OneDrive\Desktop\C++ projects\Cplusplus-projects\Patient\PatientManager.cpp(58,41): message : Reason: cannot convert from 'Data *' to 'const Data'
C:\Users\ASUS\OneDrive\Desktop\C++ projects\Cplusplus-projects\Patient\PatientManager.cpp(58,41): message : Conversion requires a second user-defined-conversion operator or constructor
C:\Users\ASUS\OneDrive\Desktop\C++ projects\Cplusplus-projects\Patient\PatientManager.cpp(58,41): message : while trying to match the argument list '(Data *)'
C:\Users\ASUS\OneDrive\Desktop\C++ projects\Cplusplus-projects\Patient\PatientManager.cpp(58,19): message : while trying to match the argument list '(std::string, std::string, Data *, std::string, std::string)'
C:\Users\ASUS\OneDrive\Desktop\C++ projects\Cplusplus-projects\Patient\PatientManager.cpp(81,12): error C2664: 'void Patient::set_appointment(const std::string &,const std::string &,const Data &)': cannot convert argument 3 from 'std::string' to 'const Data &'
C:\Users\ASUS\OneDrive\Desktop\C++ projects\Cplusplus-projects\Patient\PatientManager.cpp(81,50): message : Reason: cannot convert from 'std::string' to 'const Data'
C:\Users\ASUS\OneDrive\Desktop\C++ projects\Cplusplus-projects\Patient\PatientManager.cpp(81,50): message : No user-defined-conversion operator available that can perform this conversion, or the operator cannot be called
C:\Users\ASUS\OneDrive\Desktop\C++ projects\Cplusplus-projects\Patient\Patient.h(24,7): message : see declaration of 'Patient::set_appointment'
C:\Users\ASUS\OneDrive\Desktop\C++ projects\Cplusplus-projects\Patient\PatientManager.cpp(81,12): message : while trying to match the argument list '(std::string, std::string, std::string)'
  Person.cpp
C:\Users\ASUS\OneDrive\Desktop\C++ projects\Cplusplus-projects\Patient\Person.cpp(9,31): error C4996: 'localtime': This function or variable may be unsafe. Consider using localtime_s instead. To disable deprecation, use _CRT_SECURE_NO_WARNINGS. See online help for details.
  Generating Code...
